---------- Date: 2016-03-20 02:14:45 ~ IP : 8.37.234.243 ----------
REQUEST URI : /men/shoes/catalog/view/javascript/jquery/supermenu/templates/gray/supermenu.css
MOD DETAILS:
   modFile   : /home/footlounge/public_html/vqmod/xml/getproduct_category.xml
   id        : Add google analytics ecommerce tracking code
   version   : 2.2 for OpenCart 1.5.0.x - 1.5.6.x
   vqmver    : 2.x
   author    : support@extensadev.com

File Name    : catalog/view/theme/*/template/error/not_found.tpl(0)
VQModObject::applyMod - SEARCH NOT FOUND (ABORTING MOD): <div class="container">

----------------------------------------------------------------------


---------- Date: 2016-03-20 02:14:46 ~ IP : 8.37.234.243 ----------
REQUEST URI : /men/shoes/catalog/view/javascript/ajax_login_register.js
MOD DETAILS:
   modFile   : /home/footlounge/public_html/vqmod/xml/getproduct_category.xml
   id        : Add google analytics ecommerce tracking code
   version   : 2.2 for OpenCart 1.5.0.x - 1.5.6.x
   vqmver    : 2.x
   author    : support@extensadev.com

File Name    : catalog/view/theme/*/template/error/not_found.tpl(0)
VQModObject::applyMod - SEARCH NOT FOUND (ABORTING MOD): <div class="container">

----------------------------------------------------------------------


---------- Date: 2016-03-20 02:14:46 ~ IP : 8.37.234.243 ----------
REQUEST URI : /men/shoes/catalog/view/theme/lexus_nextstore/stylesheet/animation.css
MOD DETAILS:
   modFile   : /home/footlounge/public_html/vqmod/xml/getproduct_category.xml
   id        : Add google analytics ecommerce tracking code
   version   : 2.2 for OpenCart 1.5.0.x - 1.5.6.x
   vqmver    : 2.x
   author    : support@extensadev.com

File Name    : catalog/view/theme/*/template/error/not_found.tpl(0)
VQModObject::applyMod - SEARCH NOT FOUND (ABORTING MOD): <div class="container">

----------------------------------------------------------------------


---------- Date: 2016-03-20 02:14:46 ~ IP : 8.37.234.243 ----------
REQUEST URI : /men/shoes/catalog/view/javascript/jquery/jquery.bpopup.min.js
MOD DETAILS:
   modFile   : /home/footlounge/public_html/vqmod/xml/getproduct_category.xml
   id        : Add google analytics ecommerce tracking code
   version   : 2.2 for OpenCart 1.5.0.x - 1.5.6.x
   vqmver    : 2.x
   author    : support@extensadev.com

File Name    : catalog/view/theme/*/template/error/not_found.tpl(0)
VQModObject::applyMod - SEARCH NOT FOUND (ABORTING MOD): <div class="container">

----------------------------------------------------------------------


---------- Date: 2016-03-20 02:14:47 ~ IP : 8.37.234.243 ----------
REQUEST URI : /men/shoes/catalog/view/javascript/common.js
MOD DETAILS:
   modFile   : /home/footlounge/public_html/vqmod/xml/getproduct_category.xml
   id        : Add google analytics ecommerce tracking code
   version   : 2.2 for OpenCart 1.5.0.x - 1.5.6.x
   vqmver    : 2.x
   author    : support@extensadev.com

File Name    : catalog/view/theme/*/template/error/not_found.tpl(0)
VQModObject::applyMod - SEARCH NOT FOUND (ABORTING MOD): <div class="container">

----------------------------------------------------------------------


---------- Date: 2016-03-20 02:14:47 ~ IP : 8.37.234.243 ----------
REQUEST URI : /men/shoes/catalog/view/javascript/webrupee_font.css
MOD DETAILS:
   modFile   : /home/footlounge/public_html/vqmod/xml/getproduct_category.xml
   id        : Add google analytics ecommerce tracking code
   version   : 2.2 for OpenCart 1.5.0.x - 1.5.6.x
   vqmver    : 2.x
   author    : support@extensadev.com

File Name    : catalog/view/theme/*/template/error/not_found.tpl(0)
VQModObject::applyMod - SEARCH NOT FOUND (ABORTING MOD): <div class="container">

----------------------------------------------------------------------


---------- Date: 2016-03-20 02:14:47 ~ IP : 8.37.234.243 ----------
REQUEST URI : /men/shoes/catalog/view/javascript/jquery/livesearch.js
MOD DETAILS:
   modFile   : /home/footlounge/public_html/vqmod/xml/getproduct_category.xml
   id        : Add google analytics ecommerce tracking code
   version   : 2.2 for OpenCart 1.5.0.x - 1.5.6.x
   vqmver    : 2.x
   author    : support@extensadev.com

File Name    : catalog/view/theme/*/template/error/not_found.tpl(0)
VQModObject::applyMod - SEARCH NOT FOUND (ABORTING MOD): <div class="container">

----------------------------------------------------------------------


---------- Date: 2016-03-20 02:14:48 ~ IP : 8.37.234.243 ----------
REQUEST URI : /men/shoes/irsgroup/ind-font/inr.js
MOD DETAILS:
   modFile   : /home/footlounge/public_html/vqmod/xml/getproduct_category.xml
   id        : Add google analytics ecommerce tracking code
   version   : 2.2 for OpenCart 1.5.0.x - 1.5.6.x
   vqmver    : 2.x
   author    : support@extensadev.com

File Name    : catalog/view/theme/*/template/error/not_found.tpl(0)
VQModObject::applyMod - SEARCH NOT FOUND (ABORTING MOD): <div class="container">

----------------------------------------------------------------------


---------- Date: 2016-03-20 02:14:48 ~ IP : 8.37.234.243 ----------
REQUEST URI : /men/shoes/catalog/view/javascript/jquery/jquery-1.7.1.min.js
MOD DETAILS:
   modFile   : /home/footlounge/public_html/vqmod/xml/getproduct_category.xml
   id        : Add google analytics ecommerce tracking code
   version   : 2.2 for OpenCart 1.5.0.x - 1.5.6.x
   vqmver    : 2.x
   author    : support@extensadev.com

File Name    : catalog/view/theme/*/template/error/not_found.tpl(0)
VQModObject::applyMod - SEARCH NOT FOUND (ABORTING MOD): <div class="container">

----------------------------------------------------------------------


---------- Date: 2016-03-20 10:45:34 ~ IP : 8.37.232.40 ----------
REQUEST URI : /seo_key_word/catalog/view/javascript/jquery/jquery-1.7.1.min.js
MOD DETAILS:
   modFile   : /home/footlounge/public_html/vqmod/xml/getproduct_category.xml
   id        : Add google analytics ecommerce tracking code
   version   : 2.2 for OpenCart 1.5.0.x - 1.5.6.x
   vqmver    : 2.x
   author    : support@extensadev.com

File Name    : catalog/view/theme/*/template/error/not_found.tpl(0)
VQModObject::applyMod - SEARCH NOT FOUND (ABORTING MOD): <div class="container">

----------------------------------------------------------------------


---------- Date: 2016-03-20 10:45:34 ~ IP : 8.37.232.40 ----------
REQUEST URI : /seo_key_word/catalog/view/javascript/common.js
MOD DETAILS:
   modFile   : /home/footlounge/public_html/vqmod/xml/getproduct_category.xml
   id        : Add google analytics ecommerce tracking code
   version   : 2.2 for OpenCart 1.5.0.x - 1.5.6.x
   vqmver    : 2.x
   author    : support@extensadev.com

File Name    : catalog/view/theme/*/template/error/not_found.tpl(0)
VQModObject::applyMod - SEARCH NOT FOUND (ABORTING MOD): <div class="container">

----------------------------------------------------------------------


---------- Date: 2016-03-20 10:45:34 ~ IP : 8.37.232.40 ----------
REQUEST URI : /seo_key_word/irsgroup/ind-font/inr.js
MOD DETAILS:
   modFile   : /home/footlounge/public_html/vqmod/xml/getproduct_category.xml
   id        : Add google analytics ecommerce tracking code
   version   : 2.2 for OpenCart 1.5.0.x - 1.5.6.x
   vqmver    : 2.x
   author    : support@extensadev.com

File Name    : catalog/view/theme/*/template/error/not_found.tpl(0)
VQModObject::applyMod - SEARCH NOT FOUND (ABORTING MOD): <div class="container">

----------------------------------------------------------------------


---------- Date: 2016-03-20 10:45:34 ~ IP : 8.37.232.40 ----------
REQUEST URI : /seo_key_word/catalog/view/theme/lexus_nextstore/stylesheet/pavnewsletter.css
MOD DETAILS:
   modFile   : /home/footlounge/public_html/vqmod/xml/getproduct_category.xml
   id        : Add google analytics ecommerce tracking code
   version   : 2.2 for OpenCart 1.5.0.x - 1.5.6.x
   vqmver    : 2.x
   author    : support@extensadev.com

File Name    : catalog/view/theme/*/template/error/not_found.tpl(0)
VQModObject::applyMod - SEARCH NOT FOUND (ABORTING MOD): <div class="container">

----------------------------------------------------------------------


---------- Date: 2016-03-20 10:45:35 ~ IP : 8.37.232.40 ----------
REQUEST URI : /seo_key_word/irsgroup/ind-font/font.css
MOD DETAILS:
   modFile   : /home/footlounge/public_html/vqmod/xml/getproduct_category.xml
   id        : Add google analytics ecommerce tracking code
   version   : 2.2 for OpenCart 1.5.0.x - 1.5.6.x
   vqmver    : 2.x
   author    : support@extensadev.com

File Name    : catalog/view/theme/*/template/error/not_found.tpl(0)
VQModObject::applyMod - SEARCH NOT FOUND (ABORTING MOD): <div class="container">

----------------------------------------------------------------------


---------- Date: 2016-03-20 10:45:36 ~ IP : 8.37.232.40 ----------
REQUEST URI : /seo_key_word/catalog/view/theme/lexus_nextstore/stylesheet/latest/latest.css
MOD DETAILS:
   modFile   : /home/footlounge/public_html/vqmod/xml/getproduct_category.xml
   id        : Add google analytics ecommerce tracking code
   version   : 2.2 for OpenCart 1.5.0.x - 1.5.6.x
   vqmver    : 2.x
   author    : support@extensadev.com

File Name    : catalog/view/theme/*/template/error/not_found.tpl(0)
VQModObject::applyMod - SEARCH NOT FOUND (ABORTING MOD): <div class="container">

----------------------------------------------------------------------


---------- Date: 2016-03-20 10:45:36 ~ IP : 8.37.232.40 ----------
REQUEST URI : /seo_key_word/catalog/view/theme/lexus_nextstore/stylesheet/techbee/stylesheet.css
MOD DETAILS:
   modFile   : /home/footlounge/public_html/vqmod/xml/getproduct_category.xml
   id        : Add google analytics ecommerce tracking code
   version   : 2.2 for OpenCart 1.5.0.x - 1.5.6.x
   vqmver    : 2.x
   author    : support@extensadev.com

File Name    : catalog/view/theme/*/template/error/not_found.tpl(0)
VQModObject::applyMod - SEARCH NOT FOUND (ABORTING MOD): <div class="container">

----------------------------------------------------------------------


---------- Date: 2016-03-20 10:45:36 ~ IP : 8.37.232.40 ----------
REQUEST URI : /seo_key_word/catalog/view/theme/default/stylesheet/ajax_login_register.css
MOD DETAILS:
   modFile   : /home/footlounge/public_html/vqmod/xml/getproduct_category.xml
   id        : Add google analytics ecommerce tracking code
   version   : 2.2 for OpenCart 1.5.0.x - 1.5.6.x
   vqmver    : 2.x
   author    : support@extensadev.com

File Name    : catalog/view/theme/*/template/error/not_found.tpl(0)
VQModObject::applyMod - SEARCH NOT FOUND (ABORTING MOD): <div class="container">

----------------------------------------------------------------------


---------- Date: 2016-03-20 10:45:36 ~ IP : 8.37.232.40 ----------
REQUEST URI : /seo_key_word/catalog/view/javascript/jquery/colorbox/colorbox.css
MOD DETAILS:
   modFile   : /home/footlounge/public_html/vqmod/xml/getproduct_category.xml
   id        : Add google analytics ecommerce tracking code
   version   : 2.2 for OpenCart 1.5.0.x - 1.5.6.x
   vqmver    : 2.x
   author    : support@extensadev.com

File Name    : catalog/view/theme/*/template/error/not_found.tpl(0)
VQModObject::applyMod - SEARCH NOT FOUND (ABORTING MOD): <div class="container">

----------------------------------------------------------------------


---------- Date: 2016-03-20 10:45:36 ~ IP : 8.37.232.40 ----------
REQUEST URI : /seo_key_word/catalog/view/theme/lexus_nextstore/stylesheet/popupupsell/popupupsell.css
MOD DETAILS:
   modFile   : /home/footlounge/public_html/vqmod/xml/getproduct_category.xml
   id        : Add google analytics ecommerce tracking code
   version   : 2.2 for OpenCart 1.5.0.x - 1.5.6.x
   vqmver    : 2.x
   author    : support@extensadev.com

File Name    : catalog/view/theme/*/template/error/not_found.tpl(0)
VQModObject::applyMod - SEARCH NOT FOUND (ABORTING MOD): <div class="container">

----------------------------------------------------------------------


---------- Date: 2016-03-20 10:45:37 ~ IP : 8.37.232.40 ----------
REQUEST URI : /seo_key_word/catalog/view/javascript/jquery/tabs.js
MOD DETAILS:
   modFile   : /home/footlounge/public_html/vqmod/xml/getproduct_category.xml
   id        : Add google analytics ecommerce tracking code
   version   : 2.2 for OpenCart 1.5.0.x - 1.5.6.x
   vqmver    : 2.x
   author    : support@extensadev.com

File Name    : catalog/view/theme/*/template/error/not_found.tpl(0)
VQModObject::applyMod - SEARCH NOT FOUND (ABORTING MOD): <div class="container">

----------------------------------------------------------------------


---------- Date: 2016-03-20 10:45:37 ~ IP : 8.37.232.40 ----------
REQUEST URI : /seo_key_word/catalog/view/javascript/jquery/supermenu/supermenu_base.js
MOD DETAILS:
   modFile   : /home/footlounge/public_html/vqmod/xml/getproduct_category.xml
   id        : Add google analytics ecommerce tracking code
   version   : 2.2 for OpenCart 1.5.0.x - 1.5.6.x
   vqmver    : 2.x
   author    : support@extensadev.com

File Name    : catalog/view/theme/*/template/error/not_found.tpl(0)
VQModObject::applyMod - SEARCH NOT FOUND (ABORTING MOD): <div class="container">

----------------------------------------------------------------------


---------- Date: 2016-03-20 10:45:37 ~ IP : 8.37.232.40 ----------
REQUEST URI : /seo_key_word/catalog/view/theme/default/stylesheet/up_down.css
MOD DETAILS:
   modFile   : /home/footlounge/public_html/vqmod/xml/getproduct_category.xml
   id        : Add google analytics ecommerce tracking code
   version   : 2.2 for OpenCart 1.5.0.x - 1.5.6.x
   vqmver    : 2.x
   author    : support@extensadev.com

File Name    : catalog/view/theme/*/template/error/not_found.tpl(0)
VQModObject::applyMod - SEARCH NOT FOUND (ABORTING MOD): <div class="container">

----------------------------------------------------------------------


---------- Date: 2016-03-20 10:45:37 ~ IP : 8.37.232.40 ----------
REQUEST URI : /seo_key_word/catalog/view/theme/lexus_nextstore/stylesheet/livesearch.css
MOD DETAILS:
   modFile   : /home/footlounge/public_html/vqmod/xml/getproduct_category.xml
   id        : Add google analytics ecommerce tracking code
   version   : 2.2 for OpenCart 1.5.0.x - 1.5.6.x
   vqmver    : 2.x
   author    : support@extensadev.com

File Name    : catalog/view/theme/*/template/error/not_found.tpl(0)
VQModObject::applyMod - SEARCH NOT FOUND (ABORTING MOD): <div class="container">

----------------------------------------------------------------------


---------- Date: 2016-03-20 10:45:38 ~ IP : 8.37.232.40 ----------
REQUEST URI : /seo_key_word/catalog/view/javascript/jquery/faqdrop.js
MOD DETAILS:
   modFile   : /home/footlounge/public_html/vqmod/xml/getproduct_category.xml
   id        : Add google analytics ecommerce tracking code
   version   : 2.2 for OpenCart 1.5.0.x - 1.5.6.x
   vqmver    : 2.x
   author    : support@extensadev.com

File Name    : catalog/view/theme/*/template/error/not_found.tpl(0)
VQModObject::applyMod - SEARCH NOT FOUND (ABORTING MOD): <div class="container">

----------------------------------------------------------------------


---------- Date: 2016-03-20 10:45:38 ~ IP : 8.37.232.40 ----------
REQUEST URI : /seo_key_word/catalog/view/javascript/scroll-startstop.events.jquery.js
MOD DETAILS:
   modFile   : /home/footlounge/public_html/vqmod/xml/getproduct_category.xml
   id        : Add google analytics ecommerce tracking code
   version   : 2.2 for OpenCart 1.5.0.x - 1.5.6.x
   vqmver    : 2.x
   author    : support@extensadev.com

File Name    : catalog/view/theme/*/template/error/not_found.tpl(0)
VQModObject::applyMod - SEARCH NOT FOUND (ABORTING MOD): <div class="container">

----------------------------------------------------------------------


