---------- Date: 2016-11-28 12:21:18 ~ IP : ::1 ----------
REQUEST URI : /GitHub/gofootlounge/
MOD DETAILS:
   modFile   : E:\wamp64\www\GitHub\gofootlounge\vqmod/xml/voucher-on-purchase-lib2-1531 and above.xml
   id        : voucher-on-purchase-lib
   version   : 1.5.x
   vqmver    : 2.3.2
   author    : atir:kodecube.com

File Name    : system/library/cart.php(4)
VQModObject::applyMod - SEARCH NOT FOUND (ABORTING MOD): 'product_id'                => $product_query->row['product_id'],
MOD DETAILS:
   modFile   : E:\wamp64\www\GitHub\gofootlounge\vqmod/xml/catalog_title_homepage_h1_keywords.xml
   id        : Meta keywords,Other meta details
   version   : 1.0
   vqmver    : 2.1.7
   author    : picco

File Name    : catalog/view/theme/*/template/common/header.tpl(0)
VQModObject::applyMod - SEARCH NOT FOUND (ABORTING MOD): <meta name="viewport" content="width=device-width">

----------------------------------------------------------------------


---------- Date: 2016-11-28 12:51:17 ~ IP : ::1 ----------
REQUEST URI : /GitHub/gofootlounge/adidas-essential-fun-ii-multicolor-running-shoes
MOD DETAILS:
   modFile   : E:\wamp64\www\GitHub\gofootlounge\vqmod/xml/getproduct_category.xml
   id        : Add google analytics ecommerce tracking code
   version   : 2.2 for OpenCart 1.5.0.x - 1.5.6.x
   vqmver    : 2.x
   author    : support@extensadev.com

File Name    : catalog/view/theme/*/template/product/product.tpl(0)
VQModObject::applyMod - SEARCH NOT FOUND (ABORTING MOD): 'http://www.footlounge.in/index.php?route=information/information&information_id=7#<?php echo $manufacturer; ?>'

File Name    : catalog/view/theme/*/template/product/product.tpl(0)
VQModObject::applyMod - SEARCH NOT FOUND (ABORTING MOD): 'http://www.footlounge.in/betademo/index.php?route=information/information&information_id=7#<?php echo $manufacturer; ?>'
MOD DETAILS:
   modFile   : E:\wamp64\www\GitHub\gofootlounge\vqmod/xml/pavdeals.xml
   id        : Pavo Deals
   version   : 1.0.0
   vqmver    : 2.3.0
   author    : Themes

File Name    : catalog/view/theme/*/template/product/product.tpl(0)
VQModObject::applyMod - SEARCH NOT FOUND (ABORTING MOD): <?php if ($profiles): ?>

----------------------------------------------------------------------


