---------- Date: 2016-09-07 00:45:24 ~ IP : 66.249.64.45 ----------
REQUEST URI : /adidas-gladi-w-black-sandals
MOD DETAILS:
   modFile   : /home/footlounge/public_html/vqmod/xml/getproduct_category.xml
   id        : Add google analytics ecommerce tracking code
   version   : 2.2 for OpenCart 1.5.0.x - 1.5.6.x
   vqmver    : 2.x
   author    : support@extensadev.com

File Name    : catalog/view/theme/*/template/product/product.tpl(0)
VQModObject::applyMod - SEARCH NOT FOUND (ABORTING MOD): 'http://www.footlounge.in/index.php?route=information/information&information_id=7#<?php echo $manufacturer; ?>'

File Name    : catalog/view/theme/*/template/product/product.tpl(0)
VQModObject::applyMod - SEARCH NOT FOUND (ABORTING MOD): 'http://www.footlounge.in/betademo/index.php?route=information/information&information_id=7#<?php echo $manufacturer; ?>'
MOD DETAILS:
   modFile   : /home/footlounge/public_html/vqmod/xml/pavdeals.xml
   id        : Pavo Deals
   version   : 1.0.0
   vqmver    : 2.3.0
   author    : Themes

File Name    : catalog/view/theme/*/template/product/product.tpl(0)
VQModObject::applyMod - SEARCH NOT FOUND (ABORTING MOD): <?php if ($profiles): ?>

----------------------------------------------------------------------


---------- Date: 2016-09-07 00:56:01 ~ IP : 182.65.27.32 ----------
REQUEST URI : /adidas-aron-navy-blue-sandal
MOD DETAILS:
   modFile   : /home/footlounge/public_html/vqmod/xml/getproduct_category.xml
   id        : Add google analytics ecommerce tracking code
   version   : 2.2 for OpenCart 1.5.0.x - 1.5.6.x
   vqmver    : 2.x
   author    : support@extensadev.com

File Name    : catalog/view/theme/*/template/product/product.tpl(0)
VQModObject::applyMod - SEARCH NOT FOUND (ABORTING MOD): 'http://www.footlounge.in/index.php?route=information/information&information_id=7#<?php echo $manufacturer; ?>'

File Name    : catalog/view/theme/*/template/product/product.tpl(0)
VQModObject::applyMod - SEARCH NOT FOUND (ABORTING MOD): 'http://www.footlounge.in/betademo/index.php?route=information/information&information_id=7#<?php echo $manufacturer; ?>'
MOD DETAILS:
   modFile   : /home/footlounge/public_html/vqmod/xml/pavdeals.xml
   id        : Pavo Deals
   version   : 1.0.0
   vqmver    : 2.3.0
   author    : Themes

File Name    : catalog/view/theme/*/template/product/product.tpl(0)
VQModObject::applyMod - SEARCH NOT FOUND (ABORTING MOD): <?php if ($profiles): ?>

----------------------------------------------------------------------


---------- Date: 2016-09-07 01:06:42 ~ IP : 66.249.64.45 ----------
REQUEST URI : /adidas-atc-lc-long-sleeve-blue-tee
MOD DETAILS:
   modFile   : /home/footlounge/public_html/vqmod/xml/getproduct_category.xml
   id        : Add google analytics ecommerce tracking code
   version   : 2.2 for OpenCart 1.5.0.x - 1.5.6.x
   vqmver    : 2.x
   author    : support@extensadev.com

File Name    : catalog/view/theme/*/template/product/product.tpl(0)
VQModObject::applyMod - SEARCH NOT FOUND (ABORTING MOD): 'http://www.footlounge.in/index.php?route=information/information&information_id=7#<?php echo $manufacturer; ?>'

File Name    : catalog/view/theme/*/template/product/product.tpl(0)
VQModObject::applyMod - SEARCH NOT FOUND (ABORTING MOD): 'http://www.footlounge.in/betademo/index.php?route=information/information&information_id=7#<?php echo $manufacturer; ?>'
MOD DETAILS:
   modFile   : /home/footlounge/public_html/vqmod/xml/pavdeals.xml
   id        : Pavo Deals
   version   : 1.0.0
   vqmver    : 2.3.0
   author    : Themes

File Name    : catalog/view/theme/*/template/product/product.tpl(0)
VQModObject::applyMod - SEARCH NOT FOUND (ABORTING MOD): <?php if ($profiles): ?>

----------------------------------------------------------------------


---------- Date: 2016-09-07 01:06:59 ~ IP : 182.65.27.32 ----------
REQUEST URI : /men/adidas-madoru-m-grey-running-shoes
MOD DETAILS:
   modFile   : /home/footlounge/public_html/vqmod/xml/getproduct_category.xml
   id        : Add google analytics ecommerce tracking code
   version   : 2.2 for OpenCart 1.5.0.x - 1.5.6.x
   vqmver    : 2.x
   author    : support@extensadev.com

File Name    : catalog/view/theme/*/template/product/product.tpl(0)
VQModObject::applyMod - SEARCH NOT FOUND (ABORTING MOD): 'http://www.footlounge.in/index.php?route=information/information&information_id=7#<?php echo $manufacturer; ?>'

File Name    : catalog/view/theme/*/template/product/product.tpl(0)
VQModObject::applyMod - SEARCH NOT FOUND (ABORTING MOD): 'http://www.footlounge.in/betademo/index.php?route=information/information&information_id=7#<?php echo $manufacturer; ?>'
MOD DETAILS:
   modFile   : /home/footlounge/public_html/vqmod/xml/pavdeals.xml
   id        : Pavo Deals
   version   : 1.0.0
   vqmver    : 2.3.0
   author    : Themes

File Name    : catalog/view/theme/*/template/product/product.tpl(0)
VQModObject::applyMod - SEARCH NOT FOUND (ABORTING MOD): <?php if ($profiles): ?>

----------------------------------------------------------------------


---------- Date: 2016-09-07 01:13:25 ~ IP : 182.65.27.32 ----------
REQUEST URI : /adidas-aron-navy-blue-sandal
MOD DETAILS:
   modFile   : /home/footlounge/public_html/vqmod/xml/getproduct_category.xml
   id        : Add google analytics ecommerce tracking code
   version   : 2.2 for OpenCart 1.5.0.x - 1.5.6.x
   vqmver    : 2.x
   author    : support@extensadev.com

File Name    : catalog/view/theme/*/template/product/product.tpl(0)
VQModObject::applyMod - SEARCH NOT FOUND (ABORTING MOD): 'http://www.footlounge.in/index.php?route=information/information&information_id=7#<?php echo $manufacturer; ?>'

File Name    : catalog/view/theme/*/template/product/product.tpl(0)
VQModObject::applyMod - SEARCH NOT FOUND (ABORTING MOD): 'http://www.footlounge.in/betademo/index.php?route=information/information&information_id=7#<?php echo $manufacturer; ?>'
MOD DETAILS:
   modFile   : /home/footlounge/public_html/vqmod/xml/pavdeals.xml
   id        : Pavo Deals
   version   : 1.0.0
   vqmver    : 2.3.0
   author    : Themes

File Name    : catalog/view/theme/*/template/product/product.tpl(0)
VQModObject::applyMod - SEARCH NOT FOUND (ABORTING MOD): <?php if ($profiles): ?>

----------------------------------------------------------------------


---------- Date: 2016-09-07 01:15:55 ~ IP : 182.65.27.32 ----------
REQUEST URI : /adidas-aron-navy-blue-sandal
MOD DETAILS:
   modFile   : /home/footlounge/public_html/vqmod/xml/getproduct_category.xml
   id        : Add google analytics ecommerce tracking code
   version   : 2.2 for OpenCart 1.5.0.x - 1.5.6.x
   vqmver    : 2.x
   author    : support@extensadev.com

File Name    : catalog/view/theme/*/template/product/product.tpl(0)
VQModObject::applyMod - SEARCH NOT FOUND (ABORTING MOD): 'http://www.footlounge.in/index.php?route=information/information&information_id=7#<?php echo $manufacturer; ?>'

File Name    : catalog/view/theme/*/template/product/product.tpl(0)
VQModObject::applyMod - SEARCH NOT FOUND (ABORTING MOD): 'http://www.footlounge.in/betademo/index.php?route=information/information&information_id=7#<?php echo $manufacturer; ?>'
MOD DETAILS:
   modFile   : /home/footlounge/public_html/vqmod/xml/pavdeals.xml
   id        : Pavo Deals
   version   : 1.0.0
   vqmver    : 2.3.0
   author    : Themes

File Name    : catalog/view/theme/*/template/product/product.tpl(0)
VQModObject::applyMod - SEARCH NOT FOUND (ABORTING MOD): <?php if ($profiles): ?>

----------------------------------------------------------------------


---------- Date: 2016-09-07 01:38:45 ~ IP : 182.65.27.32 ----------
REQUEST URI : /adidas-aron-navy-blue-sandal
MOD DETAILS:
   modFile   : /home/footlounge/public_html/vqmod/xml/getproduct_category.xml
   id        : Add google analytics ecommerce tracking code
   version   : 2.2 for OpenCart 1.5.0.x - 1.5.6.x
   vqmver    : 2.x
   author    : support@extensadev.com

File Name    : catalog/view/theme/*/template/product/product.tpl(0)
VQModObject::applyMod - SEARCH NOT FOUND (ABORTING MOD): 'http://www.footlounge.in/index.php?route=information/information&information_id=7#<?php echo $manufacturer; ?>'

File Name    : catalog/view/theme/*/template/product/product.tpl(0)
VQModObject::applyMod - SEARCH NOT FOUND (ABORTING MOD): 'http://www.footlounge.in/betademo/index.php?route=information/information&information_id=7#<?php echo $manufacturer; ?>'
MOD DETAILS:
   modFile   : /home/footlounge/public_html/vqmod/xml/pavdeals.xml
   id        : Pavo Deals
   version   : 1.0.0
   vqmver    : 2.3.0
   author    : Themes

File Name    : catalog/view/theme/*/template/product/product.tpl(0)
VQModObject::applyMod - SEARCH NOT FOUND (ABORTING MOD): <?php if ($profiles): ?>

----------------------------------------------------------------------


---------- Date: 2016-09-07 02:25:31 ~ IP : 66.249.64.45 ----------
REQUEST URI : /adidas-rs-ss-m-blue-tee
MOD DETAILS:
   modFile   : /home/footlounge/public_html/vqmod/xml/getproduct_category.xml
   id        : Add google analytics ecommerce tracking code
   version   : 2.2 for OpenCart 1.5.0.x - 1.5.6.x
   vqmver    : 2.x
   author    : support@extensadev.com

File Name    : catalog/view/theme/*/template/product/product.tpl(0)
VQModObject::applyMod - SEARCH NOT FOUND (ABORTING MOD): 'http://www.footlounge.in/index.php?route=information/information&information_id=7#<?php echo $manufacturer; ?>'

File Name    : catalog/view/theme/*/template/product/product.tpl(0)
VQModObject::applyMod - SEARCH NOT FOUND (ABORTING MOD): 'http://www.footlounge.in/betademo/index.php?route=information/information&information_id=7#<?php echo $manufacturer; ?>'
MOD DETAILS:
   modFile   : /home/footlounge/public_html/vqmod/xml/pavdeals.xml
   id        : Pavo Deals
   version   : 1.0.0
   vqmver    : 2.3.0
   author    : Themes

File Name    : catalog/view/theme/*/template/product/product.tpl(0)
VQModObject::applyMod - SEARCH NOT FOUND (ABORTING MOD): <?php if ($profiles): ?>

----------------------------------------------------------------------


---------- Date: 2016-09-07 03:07:40 ~ IP : 117.203.9.216 ----------
REQUEST URI : /men/shoes/flip-flops-slippers
MOD DETAILS:
   modFile   : /home/footlounge/public_html/vqmod/xml/voucher-on-purchase-lib2-1531 and above.xml
   id        : voucher-on-purchase-lib
   version   : 1.5.x
   vqmver    : 2.3.2
   author    : atir:kodecube.com

File Name    : system/library/cart.php(4)
VQModObject::applyMod - SEARCH NOT FOUND (ABORTING MOD): 'product_id'                => $product_query->row['product_id'],
----------------------------------------------------------------------


---------- Date: 2016-09-07 03:25:19 ~ IP : 66.249.64.45 ----------
REQUEST URI : /flip-flops/travel-needs/women/men/accessories/adidas-r-e-ank-gr-tc1p-multi-color-ankle-socks
MOD DETAILS:
   modFile   : /home/footlounge/public_html/vqmod/xml/getproduct_category.xml
   id        : Add google analytics ecommerce tracking code
   version   : 2.2 for OpenCart 1.5.0.x - 1.5.6.x
   vqmver    : 2.x
   author    : support@extensadev.com

File Name    : catalog/view/theme/*/template/product/product.tpl(0)
VQModObject::applyMod - SEARCH NOT FOUND (ABORTING MOD): 'http://www.footlounge.in/index.php?route=information/information&information_id=7#<?php echo $manufacturer; ?>'

File Name    : catalog/view/theme/*/template/product/product.tpl(0)
VQModObject::applyMod - SEARCH NOT FOUND (ABORTING MOD): 'http://www.footlounge.in/betademo/index.php?route=information/information&information_id=7#<?php echo $manufacturer; ?>'
MOD DETAILS:
   modFile   : /home/footlounge/public_html/vqmod/xml/pavdeals.xml
   id        : Pavo Deals
   version   : 1.0.0
   vqmver    : 2.3.0
   author    : Themes

File Name    : catalog/view/theme/*/template/product/product.tpl(0)
VQModObject::applyMod - SEARCH NOT FOUND (ABORTING MOD): <?php if ($profiles): ?>

----------------------------------------------------------------------


---------- Date: 2016-09-07 07:45:44 ~ IP : 8.21.199.71 ----------
REQUEST URI : /fl-twin-color-pant
MOD DETAILS:
   modFile   : /home/footlounge/public_html/vqmod/xml/getproduct_category.xml
   id        : Add google analytics ecommerce tracking code
   version   : 2.2 for OpenCart 1.5.0.x - 1.5.6.x
   vqmver    : 2.x
   author    : support@extensadev.com

File Name    : catalog/view/theme/*/template/product/product.tpl(0)
VQModObject::applyMod - SEARCH NOT FOUND (ABORTING MOD): 'http://www.footlounge.in/index.php?route=information/information&information_id=7#<?php echo $manufacturer; ?>'

File Name    : catalog/view/theme/*/template/product/product.tpl(0)
VQModObject::applyMod - SEARCH NOT FOUND (ABORTING MOD): 'http://www.footlounge.in/betademo/index.php?route=information/information&information_id=7#<?php echo $manufacturer; ?>'
MOD DETAILS:
   modFile   : /home/footlounge/public_html/vqmod/xml/pavdeals.xml
   id        : Pavo Deals
   version   : 1.0.0
   vqmver    : 2.3.0
   author    : Themes

File Name    : catalog/view/theme/*/template/product/product.tpl(0)
VQModObject::applyMod - SEARCH NOT FOUND (ABORTING MOD): <?php if ($profiles): ?>

----------------------------------------------------------------------


---------- Date: 2016-09-07 08:48:49 ~ IP : 182.65.94.71 ----------
REQUEST URI : /men/clothing/track-pants/fl-twin-color-pant
MOD DETAILS:
   modFile   : /home/footlounge/public_html/vqmod/xml/getproduct_category.xml
   id        : Add google analytics ecommerce tracking code
   version   : 2.2 for OpenCart 1.5.0.x - 1.5.6.x
   vqmver    : 2.x
   author    : support@extensadev.com

File Name    : catalog/view/theme/*/template/product/product.tpl(0)
VQModObject::applyMod - SEARCH NOT FOUND (ABORTING MOD): 'http://www.footlounge.in/index.php?route=information/information&information_id=7#<?php echo $manufacturer; ?>'

File Name    : catalog/view/theme/*/template/product/product.tpl(0)
VQModObject::applyMod - SEARCH NOT FOUND (ABORTING MOD): 'http://www.footlounge.in/betademo/index.php?route=information/information&information_id=7#<?php echo $manufacturer; ?>'
MOD DETAILS:
   modFile   : /home/footlounge/public_html/vqmod/xml/pavdeals.xml
   id        : Pavo Deals
   version   : 1.0.0
   vqmver    : 2.3.0
   author    : Themes

File Name    : catalog/view/theme/*/template/product/product.tpl(0)
VQModObject::applyMod - SEARCH NOT FOUND (ABORTING MOD): <?php if ($profiles): ?>

----------------------------------------------------------------------


